{"message":"Unauthorized request to path: /forecasts/1","level":"error"}
{"message":"Unauthorized request to path: /cards/1","level":"error"}
{"message":"Unauthorized request to path: /forecasts/1","level":"error"}
{"message":"Unauthorized request to path: /forecasts/1","level":"error"}
{"message":"Unauthorized request to path: /forecasts/1","level":"error"}
{"message":"Unauthorized request to path: /forecasts/1","level":"error"}
{"message":"Unauthorized request to path: /cards/1","level":"error"}
{"message":"Unauthorized request to path: /forecasts/1","level":"error"}
{"message":"Unauthorized request to path: /forecasts/1","level":"error"}
{"message":"Unauthorized request to path: /cards/1","level":"error"}
{"message":"Unauthorized request to path: /forecasts/1","level":"error"}
{"message":"Unauthorized request to path: /forecasts/1","level":"error"}
{"message":"Unauthorized request to path: /forecasts/1","level":"error"}
{"message":"Unauthorized request to path: /forecasts/1","level":"error"}
{"message":"Unauthorized request to path: /forecasts","level":"error"}
{"message":"Forecast with id 1cbf5ce8-9191-4605-811d-bc1918cc9cda created","level":"info"}
{"message":"Unauthorized request to path: /forecasts/1","level":"error"}
{"message":"Unauthorized request to path: /forecasts/1","level":"error"}
{"message":"Unauthorized request to path: /forecasts","level":"error"}
{"message":"Forecast with id 7c2c5091-252c-422c-8dc3-6b0204933fd6 created","level":"info"}
{"message":"Unauthorized request to path: /forecasts","level":"error"}
{"message":"Forecast with id 7509b93f-8f22-4e2a-a9c4-db8f6040148c created","level":"info"}
{"message":"Unauthorized request to path: /forecasts","level":"error"}
{"message":"Forecast with id 016a2f8d-c0da-4499-abce-c2d04c2c7605 created","level":"info"}
{"message":"Unauthorized request to path: /forecasts/1","level":"error"}
{"message":"Unauthorized request to path: /forecasts/1","level":"error"}
{"message":"Unauthorized request to path: /forecasts","level":"error"}
{"message":"Forecast with id 274a375c-2b61-40c8-8453-3915d325b824 created","level":"info"}
{"message":"Unauthorized request to path: /forecasts","level":"error"}
{"message":"Forecast with id 252d329b-611a-49f5-b184-9863ee3158fb created","level":"info"}
{"message":"Unauthorized request to path: /forecasts/1","level":"error"}
{"message":"Unauthorized request to path: /cards/1","level":"error"}
{"message":"Unauthorized request to path: /forecasts","level":"error"}
{"message":"Forecast with id ef945e2e-460a-40ae-b655-939523da6a68 created","level":"info"}
{"message":"Unauthorized request to path: /forecasts","level":"error"}
{"message":"Forecast with id a8b64b14-6577-422c-82d0-98cdd29d961b created","level":"info"}
{"message":"Unauthorized request to path: /forecasts","level":"error"}
{"message":"Forecast with id 64c29c75-cf8d-4aff-b2fd-633c7e2bb78f created","level":"info"}
{"message":"Unauthorized request to path: /forecasts/1","level":"error"}
{"message":"Unauthorized request to path: /forecasts","level":"error"}
{"message":"Unauthorized request to path: /forecasts","level":"error"}
{"message":"Forecast with id c488563f-84c6-4529-bea9-dffd7617c2fe created","level":"info"}
{"message":"Unauthorized request to path: /forecasts/1","level":"error"}
{"message":"Unauthorized request to path: /forecasts","level":"error"}
{"message":"Unauthorized request to path: /forecasts","level":"error"}
{"message":"Forecast with id 0cc18e1c-e086-4be5-b212-247e0f5efa25 created","level":"info"}
{"message":"Unauthorized request to path: /cards/1","level":"error"}
{"message":"Unauthorized request to path: /forecasts/1","level":"error"}
{"message":"Unauthorized request to path: /forecasts","level":"error"}
{"message":"Unauthorized request to path: /forecasts","level":"error"}
{"message":"Forecast with id 5cbd5cd6-a951-48d1-a3a5-37bdcaa4c7fa created","level":"info"}
{"message":"Unauthorized request to path: /cards/1","level":"error"}
{"message":"Unauthorized request to path: /cards/2","level":"error"}
{"message":"Unauthorized request to path: /cards/1","level":"error"}
{"message":"Unauthorized request to path: /forecasts","level":"error"}
{"message":"Forecast with id 1c904c16-56ce-43cb-b86c-8430ae8e30e3 created","level":"info"}
{"message":"Unauthorized request to path: /cards/1","level":"error"}
{"message":"Unauthorized request to path: /forecasts/1","level":"error"}
{"message":"Unauthorized request to path: /forecasts","level":"error"}
{"message":"Forecast with id 9d536c56-e1d8-42a9-8e18-5816a8cb0cff created","level":"info"}
{"message":"Unauthorized request to path: /forecasts","level":"error"}
{"message":"Forecast with id c1f0fe51-9746-4067-acae-6c102082d954 created","level":"info"}
{"message":"Unauthorized request to path: /forecasts","level":"error"}
{"message":"Forecast with id 70acd8ce-b5da-4e28-82c3-0fb74b5d5ded created","level":"info"}
{"message":"Unauthorized request to path: /forecasts","level":"error"}
{"message":"Forecast with id 678a15a7-2693-4e9e-9e44-bf06e454298c created","level":"info"}
{"message":"Unauthorized request to path: /forecasts","level":"error"}
{"message":"Forecast with id 5e2fa9ee-e25f-4ffa-a0da-cbfe17e84c2c created","level":"info"}
{"message":"Unauthorized request to path: /forecasts","level":"error"}
{"message":"Forecast with id e53a1325-84a7-416a-9a75-7524101cdcff created","level":"info"}
{"message":"Unauthorized request to path: /cards/2","level":"error"}
{"message":"Unauthorized request to path: /forecasts","level":"error"}
{"message":"Forecast with id 5bc78422-b662-482e-a5f8-fd11d93812cb created","level":"info"}
{"message":"Unauthorized request to path: /forecasts","level":"error"}
{"message":"Forecast with id 62814ce5-36fb-40fb-925f-cb66b6379305 created","level":"info"}
{"message":"Unauthorized request to path: /cards/1","level":"error"}
{"message":"Unauthorized request to path: /cards/1","level":"error"}
{"message":"Unauthorized request to path: /forecasts","level":"error"}
{"message":"Forecast with id e4e41463-2a9c-4d00-a6ed-c0e189a574cf created","level":"info"}
{"message":"Unauthorized request to path: /forecasts","level":"error"}
{"message":"Forecast with id 0ae71edb-d956-490a-b9bd-a858663bbc46 created","level":"info"}
{"message":"Unauthorized request to path: /forecasts","level":"error"}
{"message":"Forecast with id e82bf196-8042-49e7-82da-6703b669fa32 created","level":"info"}
{"message":"Unauthorized request to path: /forecasts","level":"error"}
{"message":"Forecast with id bb545dae-af78-4819-99f2-0a0a87138165 created","level":"info"}
{"message":"Unauthorized request to path: /forecasts","level":"error"}
{"message":"Forecast with id 3b91d002-3c13-4879-8fac-c4d9be8afbda created","level":"info"}
{"message":"Unauthorized request to path: /forecasts","level":"error"}
{"message":"Forecast with id d7c671db-f36c-4123-9168-567b24ec94ae created","level":"info"}
{"message":"Unauthorized request to path: /forecasts","level":"error"}
{"message":"Forecast with id f788f436-bcc9-4461-a465-b9671f6766bc created","level":"info"}
{"message":"Unauthorized request to path: /forecasts","level":"error"}
{"message":"Forecast with id 77714ca8-444a-4069-98e5-3f97f0fc6351 created","level":"info"}
{"message":"Unauthorized request to path: /forecasts","level":"error"}
{"message":"Forecast with id 4f223484-d1d1-40c3-9c20-badb48952804 created","level":"info"}
{"message":"Unauthorized request to path: /forecasts","level":"error"}
{"message":"Forecast with id 9adea4d3-de5a-4acd-8517-bbebdbe520ea created","level":"info"}
{"message":"Unauthorized request to path: /forecasts","level":"error"}
{"message":"Forecast with id 78bb0c36-b2c0-4ac7-9dc7-708cc1e79532 created","level":"info"}
{"message":"Unauthorized request to path: /forecasts","level":"error"}
{"message":"Forecast with id 1235a648-c069-48e9-9a8e-1844f5ddcbbc created","level":"info"}
{"message":"Unauthorized request to path: /forecasts","level":"error"}
{"message":"Forecast with id 47f28405-7637-4b50-a805-2f017169165e created","level":"info"}
{"message":"Unauthorized request to path: /forecasts","level":"error"}
{"message":"Forecast with id a345b7d9-8a45-41fb-b516-de02bdee5a65 created","level":"info"}
{"message":"Unauthorized request to path: /forecasts/1","level":"error"}
{"message":"Unauthorized request to path: /forecasts","level":"error"}
{"message":"Forecast with id 75ed13d4-f1db-4d7f-92a8-0bbe2f5e83e3 created","level":"info"}
{"message":"Unauthorized request to path: /cards/1","level":"error"}
{"message":"Unauthorized request to path: /forecasts/1","level":"error"}
{"message":"Unauthorized request to path: /cards/4","level":"error"}
{"message":"Unauthorized request to path: /forecasts/1","level":"error"}
{"message":"Unauthorized request to path: /forecasts/1","level":"error"}
{"message":"Unauthorized request to path: /forecasts/1","level":"error"}
{"message":"Unauthorized request to path: /forecasts/1","level":"error"}
{"message":"Unauthorized request to path: /forecasts/1","level":"error"}
{"message":"Unauthorized request to path: /forecasts/1","level":"error"}
{"message":"Unauthorized request to path: /forecasts/1","level":"error"}
{"message":"Unauthorized request to path: /cards/1","level":"error"}
{"message":"Unauthorized request to path: /cards/4","level":"error"}
{"message":"Unauthorized request to path: /cards/3","level":"error"}
{"message":"Unauthorized request to path: /forecasts/1","level":"error"}
{"message":"Unauthorized request to path: /cards/1","level":"error"}
{"message":"Unauthorized request to path: /forecasts/1","level":"error"}
{"message":"Unauthorized request to path: /forecasts/1","level":"error"}
{"message":"Unauthorized request to path: /cards/1","level":"error"}
{"message":"Unauthorized request to path: /forecasts/1","level":"error"}
{"message":"Unauthorized request to path: /forecasts","level":"error"}
{"message":"Forecast with id f476ad00-8b45-48f2-b23a-dfd321697b14 created","level":"info"}
{"message":"Unauthorized request to path: /forecasts/1","level":"error"}
{"message":"Unauthorized request to path: /forecasts/1","level":"error"}
{"message":"Unauthorized request to path: /forecasts/1","level":"error"}
{"message":"Unauthorized request to path: /forecasts/1","level":"error"}
{"message":"Unauthorized request to path: /forecasts/1","level":"error"}
{"message":"Unauthorized request to path: /forecasts/1","level":"error"}
{"message":"Unauthorized request to path: /forecasts/1","level":"error"}
{"message":"Unauthorized request to path: /forecasts/1","level":"error"}
{"message":"Unauthorized request to path: /forecasts/1","level":"error"}
{"message":"Unauthorized request to path: /forecasts","level":"error"}
{"message":"Unauthorized request to path: /forecasts/1","level":"error"}
{"message":"Unauthorized request to path: /cards/1","level":"error"}
{"message":"Unauthorized request to path: /forecasts/1","level":"error"}
{"message":"Unauthorized request to path: /api/forecasts/1","level":"error"}
{"message":"Unauthorized request to path: /api/forecasts/1","level":"error"}
{"message":"Unauthorized request to path: /api/forecasts/1","level":"error"}
{"message":"Unauthorized request to path: /api/forecasts/1","level":"error"}
{"message":"Unauthorized request to path: /api/cards/1","level":"error"}
{"message":"Unauthorized request to path: /api/forecasts/1","level":"error"}
{"message":"Unauthorized request to path: /api/cards","level":"error"}
{"message":"Unauthorized request to path: /api/cards/1","level":"error"}
{"message":"Unauthorized request to path: /api/forecasts/1","level":"error"}
{"message":"Unauthorized request to path: /api/cards","level":"error"}
{"message":"Unauthorized request to path: /api/cards/1","level":"error"}
{"message":"Unauthorized request to path: /api/forecasts/1","level":"error"}
{"message":"Unauthorized request to path: /api/cards","level":"error"}
{"message":"Unauthorized request to path: /api/cards/1","level":"error"}
{"message":"Unauthorized request to path: /api/cards","level":"error"}
{"message":"Unauthorized request to path: /api/forecasts/1","level":"error"}
{"message":"Unauthorized request to path: /api/cards","level":"error"}
{"message":"Unauthorized request to path: /api/cards/1","level":"error"}
{"message":"Unauthorized request to path: /api/cards","level":"error"}
{"message":"Unauthorized request to path: /api/forecasts/1","level":"error"}
{"message":"Unauthorized request to path: /api/cards","level":"error"}
{"message":"Unauthorized request to path: /api/cards/1","level":"error"}
{"message":"Unauthorized request to path: /api/forecasts","level":"error"}
{"message":"Unauthorized request to path: /api/forecasts","level":"error"}
{"message":"Unauthorized request to path: /api/forecasts","level":"error"}
{"message":"Unauthorized request to path: /api/cards","level":"error"}
{"message":"Unauthorized request to path: /api/forecasts/1","level":"error"}
{"message":"Unauthorized request to path: /api/cards","level":"error"}
{"message":"Unauthorized request to path: /api/cards/1","level":"error"}
{"message":"Unauthorized request to path: /api/forecasts","level":"error"}
{"message":"Unauthorized request to path: /api/forecasts","level":"error"}
{"message":"Unauthorized request to path: /api/forecasts","level":"error"}
{"message":"Unauthorized request to path: /api/forecasts","level":"error"}
{"message":"Unauthorized request to path: /api/forecasts","level":"error"}
{"message":"Unauthorized request to path: /api/forecasts","level":"error"}
{"message":"Unauthorized request to path: /api/forecasts","level":"error"}
{"message":"Unauthorized request to path: /api/forecasts","level":"error"}
{"message":"Unauthorized request to path: /api/cards","level":"error"}
{"message":"Unauthorized request to path: /api/forecasts/1","level":"error"}
{"message":"Unauthorized request to path: /api/cards","level":"error"}
{"message":"Unauthorized request to path: /api/cards/1","level":"error"}
{"message":"Unauthorized request to path: /api/forecasts","level":"error"}
{"message":"Unauthorized request to path: /api/forecasts","level":"error"}
{"message":"Unauthorized request to path: /api/forecasts","level":"error"}
{"message":"Unauthorized request to path: /api/forecasts","level":"error"}
{"message":"Unauthorized request to path: /api/forecasts","level":"error"}
{"message":"Unauthorized request to path: /api/forecasts","level":"error"}
{"message":"Unauthorized request to path: /api/forecasts","level":"error"}
{"message":"Unauthorized request to path: /api/forecasts","level":"error"}
{"message":"Unauthorized request to path: /api/cards","level":"error"}
{"message":"Unauthorized request to path: /api/forecasts/1","level":"error"}
{"message":"Unauthorized request to path: /api/cards","level":"error"}
{"message":"Unauthorized request to path: /api/cards/1","level":"error"}
{"message":"Unauthorized request to path: /api/forecasts","level":"error"}
{"message":"Unauthorized request to path: /api/cards","level":"error"}
{"message":"Unauthorized request to path: /api/forecasts/1","level":"error"}
{"message":"Unauthorized request to path: /api/cards","level":"error"}
{"message":"Unauthorized request to path: /api/cards/1","level":"error"}
{"message":"Unauthorized request to path: /api/forecasts","level":"error"}
{"message":"Unauthorized request to path: /api/cards","level":"error"}
{"message":"Unauthorized request to path: /api/forecasts/1","level":"error"}
{"message":"Unauthorized request to path: /api/cards","level":"error"}
{"message":"Unauthorized request to path: /api/cards/1","level":"error"}
{"message":"Unauthorized request to path: /api/forecasts","level":"error"}
{"message":"Unauthorized request to path: /api/cards","level":"error"}
{"message":"Unauthorized request to path: /api/forecasts/1","level":"error"}
{"message":"Unauthorized request to path: /api/cards","level":"error"}
{"message":"Unauthorized request to path: /api/cards/1","level":"error"}
{"message":"Unauthorized request to path: /api/forecasts","level":"error"}
{"message":"Unauthorized request to path: /api/cards","level":"error"}
{"message":"Unauthorized request to path: /api/forecasts/1","level":"error"}
{"message":"Unauthorized request to path: /api/cards","level":"error"}
{"message":"Unauthorized request to path: /api/cards/1","level":"error"}
{"message":"Unauthorized request to path: /api/cards","level":"error"}
{"message":"Unauthorized request to path: /api/forecasts/1","level":"error"}
{"message":"Unauthorized request to path: /api/cards","level":"error"}
{"message":"Unauthorized request to path: /api/cards/1","level":"error"}
{"message":"Unauthorized request to path: /api/cards","level":"error"}
{"message":"Unauthorized request to path: /api/forecasts/1","level":"error"}
{"message":"Unauthorized request to path: /api/cards","level":"error"}
{"message":"Unauthorized request to path: /api/cards/1","level":"error"}
{"message":"Unauthorized request to path: /forecasts","level":"error"}
{"message":"Unauthorized request to path: /forecasts","level":"error"}
{"message":"Unauthorized request to path: /forecasts","level":"error"}
{"message":"Unauthorized request to path: /api/cards","level":"error"}
{"message":"Unauthorized request to path: /api/forecasts/1","level":"error"}
{"message":"Unauthorized request to path: /api/cards","level":"error"}
{"message":"Unauthorized request to path: /api/cards/1","level":"error"}
{"message":"Unauthorized request to path: /forecasts","level":"error"}
{"message":"Unauthorized request to path: /forecasts","level":"error"}
{"message":"Unauthorized request to path: /forecasts","level":"error"}
{"message":"Unauthorized request to path: /api/cards","level":"error"}
{"message":"Unauthorized request to path: /api/forecasts/1","level":"error"}
{"message":"Unauthorized request to path: /api/cards","level":"error"}
{"message":"Unauthorized request to path: /api/cards/1","level":"error"}
{"message":"Unauthorized request to path: /forecasts","level":"error"}
{"message":"Unauthorized request to path: /forecasts","level":"error"}
{"message":"Unauthorized request to path: /forecasts","level":"error"}
